<?xml version="1.0" encoding="UTF-8"?>
<!-- Generated by org.testng.reporters.JUnitReportReporter -->
<testsuite hostname="DESKTOP-JK1AUDL" failures="0" tests="4" name="testScript.Login" time="23.134" errors="0" timestamp="2025-04-15T20:52:17 IST" skipped="0">
  <testcase classname="testScript.Login" name="wrongPassword" time="4.843"/>
  <testcase classname="testScript.Login" name="loginMethod" time="4.552"/>
  <testcase classname="testScript.Login" name="wrongUsername" time="3.271"/>
  <testcase classname="testScript.Login" name="wrongUserPass" time="10.468"/>
</testsuite> <!-- testScript.Login -->
