<?xml version="1.0" encoding="UTF-8"?>
<!-- Generated by org.testng.reporters.JUnitReportReporter -->
<testsuite hostname="DESKTOP-JK1AUDL" failures="0" tests="1" name="testScript.LoginTest" time="21.610" errors="0" timestamp="2025-04-25T20:55:37 IST" skipped="0">
  <testcase classname="testScript.LoginTest" name="verifyWhetherUserIsAbleToLoginUsingValidCrenditials" time="21.610"/>
</testsuite> <!-- testScript.LoginTest -->
